2022-04-21 21:07:10,613 INFO SPI service [com.alipay.sofa.jraft.JRaftServiceFactory - com.alipay.sofa.jraft.core.DefaultJRaftServiceFactory] loading.

2022-04-21 21:07:10,680 INFO SPI service [com.alipay.sofa.jraft.rpc.RaftRpcFactory - com.alipay.sofa.jraft.rpc.impl.GrpcRaftRpcFactory] loading.

2022-04-21 21:07:10,814 INFO SPI service [com.alipay.sofa.jraft.util.JRaftSignalHandler - com.alipay.sofa.jraft.NodeDescribeSignalHandler] loading.

2022-04-21 21:07:10,815 INFO SPI service [com.alipay.sofa.jraft.util.JRaftSignalHandler - com.alipay.sofa.jraft.NodeMetricsSignalHandler] loading.

2022-04-21 21:07:10,816 INFO SPI service [com.alipay.sofa.jraft.util.JRaftSignalHandler - com.alipay.sofa.jraft.ThreadPoolMetricsSignalHandler] loading.

2022-04-21 21:07:10,818 INFO SPI service [com.alipay.sofa.jraft.util.timer.RaftTimerFactory - com.alipay.sofa.jraft.util.timer.DefaultRaftTimerFactory] loading.

2022-04-21 21:07:10,824 INFO The number of active nodes increment to 1.

2022-04-21 21:07:10,983 INFO Starts FSMCaller successfully.

2022-04-21 21:07:10,990 WARN No data for snapshot reader /home/nacos/data/protocol/raft/naming_persistent_service_v2/snapshot.

2022-04-21 21:07:11,008 INFO Node <naming_persistent_service_v2/a96ccbe4fdef:7848> init, term=0, lastLogId=LogId [index=0, term=0], conf=a96ccbe4fdef:7848, oldConf=.

2022-04-21 21:07:11,011 INFO Node <naming_persistent_service_v2/a96ccbe4fdef:7848> start vote and grant vote self, term=0.

2022-04-21 21:07:11,037 INFO Save raft meta, path=/home/nacos/data/protocol/raft/naming_persistent_service_v2/meta-data, term=1, votedFor=a96ccbe4fdef:7848, cost time=18 ms

2022-04-21 21:07:11,037 INFO Node <naming_persistent_service_v2/a96ccbe4fdef:7848> become leader of group, term=1, conf=a96ccbe4fdef:7848, oldConf=.

2022-04-21 21:07:11,040 INFO -Djraft.recyclers.maxCapacityPerThread: 4096.

2022-04-21 21:07:11,043 WARN RPC server is not started in RaftGroupService.

2022-04-21 21:07:11,043 INFO Start the RaftGroupService successfully.

2022-04-21 21:07:11,057 INFO onLeaderStart: term=1.

2022-04-21 21:07:11,080 INFO The number of active nodes increment to 2.

2022-04-21 21:07:11,140 WARN Channel in TRANSIENT_FAILURE state: a96ccbe4fdef:7848.

2022-04-21 21:07:11,141 WARN Channel in SHUTDOWN state: a96ccbe4fdef:7848.

2022-04-21 21:07:11,157 INFO Starts FSMCaller successfully.

2022-04-21 21:07:11,158 WARN No data for snapshot reader /home/nacos/data/protocol/raft/naming_instance_metadata/snapshot.

2022-04-21 21:07:11,167 INFO Node <naming_instance_metadata/a96ccbe4fdef:7848> init, term=0, lastLogId=LogId [index=0, term=0], conf=a96ccbe4fdef:7848, oldConf=.

2022-04-21 21:07:11,173 INFO Node <naming_instance_metadata/a96ccbe4fdef:7848> start vote and grant vote self, term=0.

2022-04-21 21:07:11,191 INFO Save raft meta, path=/home/nacos/data/protocol/raft/naming_instance_metadata/meta-data, term=1, votedFor=a96ccbe4fdef:7848, cost time=13 ms

2022-04-21 21:07:11,191 INFO Node <naming_instance_metadata/a96ccbe4fdef:7848> become leader of group, term=1, conf=a96ccbe4fdef:7848, oldConf=.

2022-04-21 21:07:11,197 WARN RPC server is not started in RaftGroupService.

2022-04-21 21:07:11,198 INFO Start the RaftGroupService successfully.

2022-04-21 21:07:11,200 INFO onLeaderStart: term=1.

2022-04-21 21:07:11,203 INFO The number of active nodes increment to 3.

2022-04-21 21:07:11,259 INFO Starts FSMCaller successfully.

2022-04-21 21:07:11,259 WARN No data for snapshot reader /home/nacos/data/protocol/raft/naming_service_metadata/snapshot.

2022-04-21 21:07:11,261 INFO Node <naming_service_metadata/a96ccbe4fdef:7848> init, term=0, lastLogId=LogId [index=0, term=0], conf=a96ccbe4fdef:7848, oldConf=.

2022-04-21 21:07:11,261 INFO Node <naming_service_metadata/a96ccbe4fdef:7848> start vote and grant vote self, term=0.

2022-04-21 21:07:11,268 INFO Save raft meta, path=/home/nacos/data/protocol/raft/naming_service_metadata/meta-data, term=1, votedFor=a96ccbe4fdef:7848, cost time=5 ms

2022-04-21 21:07:11,268 INFO Node <naming_service_metadata/a96ccbe4fdef:7848> become leader of group, term=1, conf=a96ccbe4fdef:7848, oldConf=.

2022-04-21 21:07:11,269 WARN RPC server is not started in RaftGroupService.

2022-04-21 21:07:11,269 INFO Start the RaftGroupService successfully.

2022-04-21 21:07:11,277 INFO onLeaderStart: term=1.

