2022-04-21 21:07:02,942 INFO Starting Nacos v2.0.0 on a96ccbe4fdef with PID 24 (/home/nacos/target/nacos-server.jar started by root in /home/nacos)

2022-04-21 21:07:02,942 INFO The following profiles are active: standalone

2022-04-21 21:07:07,107 INFO Bean 'org.springframework.security.access.expression.method.DefaultMethodSecurityExpressionHandler@3b582111' of type [org.springframework.security.access.expression.method.DefaultMethodSecurityExpressionHandler] is not eligible for getting processed by all BeanPostProcessors (for example: not eligible for auto-proxying)

2022-04-21 21:07:07,112 INFO Bean 'methodSecurityMetadataSource' of type [org.springframework.security.access.method.DelegatingMethodSecurityMetadataSource] is not eligible for getting processed by all BeanPostProcessors (for example: not eligible for auto-proxying)

2022-04-21 21:07:07,406 INFO Tomcat initialized with port(s): 8848 (http)

2022-04-21 21:07:07,447 INFO Starting service [Tomcat]

2022-04-21 21:07:07,447 INFO Starting Servlet engine: [Apache Tomcat/9.0.38]

2022-04-21 21:07:07,686 INFO At least one JAR was scanned for TLDs yet contained no TLDs. Enable debug logging for this logger for a complete list of JARs that were scanned but no TLDs were found in them. Skipping unneeded JARs during scanning can improve startup time and JSP compilation time.

2022-04-21 21:07:07,733 INFO Initializing Spring embedded WebApplicationContext

2022-04-21 21:07:07,733 INFO Root WebApplicationContext: initialization completed in 4745 ms

2022-04-21 21:07:07,997 INFO HikariPool-1 - Starting...

2022-04-21 21:07:08,359 INFO HikariPool-1 - Start completed.

2022-04-21 21:07:08,749 INFO Nacos-related cluster resource initialization

2022-04-21 21:07:08,761 INFO The cluster resource is initialized

2022-04-21 21:07:09,271 INFO Reflections took 39 ms to scan 1 urls, producing 5 keys and 10 values 

2022-04-21 21:07:09,303 INFO Reflections took 4 ms to scan 1 urls, producing 4 keys and 21 values 

2022-04-21 21:07:09,323 INFO Reflections took 8 ms to scan 1 urls, producing 5 keys and 19 values 

2022-04-21 21:07:09,336 INFO Reflections took 2 ms to scan 1 urls, producing 2 keys and 12 values 

2022-04-21 21:07:09,746 INFO Reflections took 35 ms to scan 2 urls, producing 3 keys and 6 values 

2022-04-21 21:07:09,792 INFO Reflections took 44 ms to scan 2 urls, producing 4 keys and 9 values 

2022-04-21 21:07:09,828 INFO Reflections took 34 ms to scan 2 urls, producing 3 keys and 10 values 

2022-04-21 21:07:09,832 INFO Reflections took 2 ms to scan 1 urls, producing 2 keys and 2 values 

2022-04-21 21:07:09,868 INFO Reflections took 34 ms to scan 2 urls, producing 1 keys and 5 values 

2022-04-21 21:07:09,904 INFO Reflections took 34 ms to scan 2 urls, producing 1 keys and 7 values 

2022-04-21 21:07:09,937 INFO Reflections took 32 ms to scan 2 urls, producing 2 keys and 8 values 

2022-04-21 21:07:09,941 INFO Reflections took 2 ms to scan 1 urls, producing 1 keys and 1 values 

2022-04-21 21:07:11,682 INFO Initializing ExecutorService 'applicationTaskExecutor'

2022-04-21 21:07:11,792 INFO Adding welcome page: class path resource [static/index.html]

2022-04-21 21:07:12,164 INFO Creating filter chain: Ant [pattern='/**'], []

2022-04-21 21:07:12,207 INFO Creating filter chain: any request, [org.springframework.security.web.context.request.async.WebAsyncManagerIntegrationFilter@7479b626, org.springframework.security.web.context.SecurityContextPersistenceFilter@3e3861d7, org.springframework.security.web.header.HeaderWriterFilter@48eb9836, org.springframework.security.web.csrf.CsrfFilter@12968227, org.springframework.security.web.authentication.logout.LogoutFilter@47a7a101, org.springframework.security.web.savedrequest.RequestCacheAwareFilter@6d025d1d, org.springframework.security.web.servletapi.SecurityContextHolderAwareRequestFilter@64524dd, org.springframework.security.web.authentication.AnonymousAuthenticationFilter@e8ea697, org.springframework.security.web.session.SessionManagementFilter@11b455e5, org.springframework.security.web.access.ExceptionTranslationFilter@2cfa2c4f]

2022-04-21 21:07:12,294 INFO Initializing ExecutorService 'taskScheduler'

2022-04-21 21:07:12,314 INFO Exposing 16 endpoint(s) beneath base path '/actuator'

2022-04-21 21:07:12,411 INFO Tomcat started on port(s): 8848 (http) with context path '/nacos'

2022-04-21 21:07:12,414 INFO Started Nacos in 10.895 seconds (JVM running for 11.431)

2022-04-21 21:07:12,415 INFO Nacos started successfully in stand alone mode. use external storage

2022-04-21 21:07:17,178 INFO Initializing Spring DispatcherServlet 'dispatcherServlet'

2022-04-21 21:07:17,179 INFO Initializing Servlet 'dispatcherServlet'

2022-04-21 21:07:17,190 INFO Completed initialization in 11 ms

2022-04-21 21:17:09,551 WARN clearConfigHistory start

2022-04-21 21:17:09,576 INFO [capacityManagement] start correct usage

2022-04-21 21:17:09,589 INFO [capacityManagement] end correct usage, cost: 0s

2022-04-21 21:23:59,154 WARN HikariPool-1 - Failed to validate connection com.mysql.cj.jdbc.ConnectionImpl@3504e7ac (Communications link failure

The last packet successfully received from the server was 10,004 milliseconds ago. The last packet sent successfully to the server was 10,006 milliseconds ago.). Possibly consider using a shorter maxLifetime value.

2022-04-21 21:23:59,163 WARN HikariPool-1 - Failed to validate connection com.mysql.cj.jdbc.ConnectionImpl@6286c7d4 (Communications link failure

The last packet successfully received from the server was 10,847 milliseconds ago. The last packet sent successfully to the server was 10,849 milliseconds ago.). Possibly consider using a shorter maxLifetime value.

